\BOOKMARK [0][-]{chapter.1}{\376\377\000I\000n\000d\000e\000x\000\040\000Y\000A\000P\000\040\000M\000a\000i\000n\000\040\000P\000a\000g\000e}{}% 1
\BOOKMARK [1][-]{section.1.1}{\376\377\000F\000i\000n\000d\000i\000n\000g}{chapter.1}% 2
\BOOKMARK [0][-]{chapter.2}{\376\377\000N\000a\000m\000e\000s\000p\000a\000c\000e\000\040\000I\000n\000d\000e\000x}{}% 3
\BOOKMARK [1][-]{section.2.1}{\376\377\000N\000a\000m\000e\000s\000p\000a\000c\000e\000\040\000L\000i\000s\000t}{chapter.2}% 4
\BOOKMARK [0][-]{chapter.3}{\376\377\000F\000i\000l\000e\000\040\000I\000n\000d\000e\000x}{}% 5
\BOOKMARK [1][-]{section.3.1}{\376\377\000F\000i\000l\000e\000\040\000L\000i\000s\000t}{chapter.3}% 6
\BOOKMARK [0][-]{chapter.4}{\376\377\000N\000a\000m\000e\000s\000p\000a\000c\000e\000\040\000D\000o\000c\000u\000m\000e\000n\000t\000a\000t\000i\000o\000n}{}% 7
\BOOKMARK [1][-]{section.4.1}{\376\377\000\044\000a\000b\000s\000o\000l\000u\000t\000e\000\137\000f\000i\000l\000e\000\137\000n\000a\000m\000e\000\040\000N\000a\000m\000e\000s\000p\000a\000c\000e\000\040\000R\000e\000f\000e\000r\000e\000n\000c\000e}{chapter.4}% 8
\BOOKMARK [2][-]{subsection.4.1.1}{\376\377\000F\000u\000n\000c\000t\000i\000o\000n\000\040\000D\000o\000c\000u\000m\000e\000n\000t\000a\000t\000i\000o\000n}{section.4.1}% 9
\BOOKMARK [3][-]{subsubsection.4.1.1.1}{\376\377\000'\000\044\000a\000b\000s\000o\000l\000u\000t\000e\000\137\000f\000i\000l\000e\000\137\000n\000a\000m\000e\000'}{subsection.4.1.1}% 10
\BOOKMARK [3][-]{subsubsection.4.1.1.2}{\376\377\000'\000\044\000a\000b\000s\000o\000l\000u\000t\000e\000\137\000f\000i\000l\000e\000\137\000n\000a\000m\000e\000s\000'}{subsection.4.1.1}% 11
\BOOKMARK [3][-]{subsubsection.4.1.1.3}{\376\377\000'\000\044\000a\000d\000d\000\137\000e\000x\000t\000e\000n\000s\000i\000o\000n\000s\000'}{subsection.4.1.1}% 12
\BOOKMARK [3][-]{subsubsection.4.1.1.4}{\376\377\000'\000\044\000a\000d\000d\000\137\000f\000i\000l\000e\000\137\000t\000o\000\137\000d\000i\000r\000'}{subsection.4.1.1}% 13
\BOOKMARK [3][-]{subsubsection.4.1.1.5}{\376\377\000'\000\044\000a\000d\000d\000\137\000p\000a\000t\000h\000'}{subsection.4.1.1}% 14
\BOOKMARK [3][-]{subsubsection.4.1.1.6}{\376\377\000'\000\044\000a\000d\000d\000\137\000t\000o\000\137\000p\000a\000t\000h\000'}{subsection.4.1.1}% 15
\BOOKMARK [3][-]{subsubsection.4.1.1.7}{\376\377\000'\000\044\000a\000d\000d\000\137\000t\000y\000p\000e\000\137\000e\000x\000t\000e\000n\000s\000i\000o\000n\000s\000'}{subsection.4.1.1}% 16
\BOOKMARK [3][-]{subsubsection.4.1.1.8}{\376\377\000'\000\044\000c\000a\000t\000\137\000f\000i\000l\000e\000\137\000n\000a\000m\000e\000'}{subsection.4.1.1}% 17
\BOOKMARK [3][-]{subsubsection.4.1.1.9}{\376\377\000'\000\044\000c\000h\000e\000c\000k\000\137\000a\000t\000o\000m\000'}{subsection.4.1.1}% 18
\BOOKMARK [3][-]{subsubsection.4.1.1.10}{\376\377\000'\000\044\000c\000h\000e\000c\000k\000\137\000f\000i\000l\000e\000'}{subsection.4.1.1}% 19
\BOOKMARK [3][-]{subsubsection.4.1.1.11}{\376\377\000'\000\044\000c\000h\000e\000c\000k\000\137\000f\000n\000\137\000e\000r\000r\000o\000r\000s\000'}{subsection.4.1.1}% 20
\BOOKMARK [3][-]{subsubsection.4.1.1.12}{\376\377\000'\000\044\000c\000h\000e\000c\000k\000\137\000f\000n\000\137\000e\000x\000t\000e\000n\000s\000i\000o\000n\000s\000'}{subsection.4.1.1}% 21
\BOOKMARK [3][-]{subsubsection.4.1.1.13}{\376\377\000'\000\044\000c\000h\000e\000c\000k\000\137\000f\000n\000\137\000s\000o\000l\000u\000t\000i\000o\000n\000s\000'}{subsection.4.1.1}% 22
\BOOKMARK [3][-]{subsubsection.4.1.1.14}{\376\377\000'\000\044\000c\000h\000e\000c\000k\000\137\000f\000n\000\137\000t\000y\000p\000e\000'}{subsection.4.1.1}% 23
\BOOKMARK [3][-]{subsubsection.4.1.1.15}{\376\377\000'\000\044\000c\000h\000e\000c\000k\000\137\000p\000a\000t\000h\000'}{subsection.4.1.1}% 24
\BOOKMARK [3][-]{subsubsection.4.1.1.16}{\376\377\000'\000\044\000c\000h\000e\000c\000k\000\137\000t\000r\000u\000e\000\137\000f\000a\000l\000s\000e\000'}{subsection.4.1.1}% 25
\BOOKMARK [3][-]{subsubsection.4.1.1.17}{\376\377\000'\000\044\000c\000o\000n\000t\000i\000n\000u\000e\000\137\000s\000p\000l\000i\000t\000\137\000b\000y\000\137\000s\000e\000p\000'}{subsection.4.1.1}% 26
\BOOKMARK [3][-]{subsubsection.4.1.1.18}{\376\377\000'\000\044\000e\000x\000t\000e\000n\000d\000\137\000p\000a\000t\000h\000\137\000d\000i\000r\000e\000c\000t\000o\000r\000y\000'}{subsection.4.1.1}% 27
\BOOKMARK [3][-]{subsubsection.4.1.1.19}{\376\377\000'\000\044\000e\000x\000t\000e\000n\000d\000\137\000p\000a\000t\000h\000d\000'}{subsection.4.1.1}% 28
\BOOKMARK [3][-]{subsubsection.4.1.1.20}{\376\377\000'\000\044\000f\000i\000n\000d\000\137\000i\000n\000\137\000p\000a\000t\000h\000'}{subsection.4.1.1}% 29
\BOOKMARK [3][-]{subsubsection.4.1.1.21}{\376\377\000'\000\044\000f\000u\000l\000l\000\137\000f\000i\000l\000e\000n\000a\000m\000e\000'}{subsection.4.1.1}% 30
\BOOKMARK [3][-]{subsubsection.4.1.1.22}{\376\377\000'\000\044\000g\000e\000t\000\137\000a\000b\000s\000\137\000f\000i\000l\000e\000'}{subsection.4.1.1}% 31
\BOOKMARK [3][-]{subsubsection.4.1.1.23}{\376\377\000'\000\044\000i\000n\000\137\000p\000a\000t\000h\000'}{subsection.4.1.1}% 32
\BOOKMARK [3][-]{subsubsection.4.1.1.24}{\376\377\000'\000\044\000m\000k\000\137\000s\000u\000r\000e\000\137\000t\000r\000u\000e\000\137\000e\000x\000t\000'}{subsection.4.1.1}% 33
\BOOKMARK [3][-]{subsubsection.4.1.1.25}{\376\377\000'\000\044\000p\000r\000o\000c\000e\000s\000s\000\137\000f\000n\000\137\000o\000p\000t\000'}{subsection.4.1.1}% 34
\BOOKMARK [3][-]{subsubsection.4.1.1.26}{\376\377\000'\000\044\000p\000r\000o\000c\000e\000s\000s\000\137\000f\000n\000\137\000o\000p\000t\000s\000'}{subsection.4.1.1}% 35
\BOOKMARK [3][-]{subsubsection.4.1.1.27}{\376\377\000'\000\044\000s\000e\000a\000r\000c\000h\000\137\000i\000n\000\137\000p\000a\000t\000h\000'}{subsection.4.1.1}% 36
\BOOKMARK [3][-]{subsubsection.4.1.1.28}{\376\377\000'\000\044\000s\000p\000l\000i\000t\000\137\000b\000y\000\137\000s\000e\000p\000'}{subsection.4.1.1}% 37
\BOOKMARK [3][-]{subsubsection.4.1.1.29}{\376\377\000'\000\044\000s\000p\000l\000i\000t\000\137\000b\000y\000\137\000s\000e\000p\000'}{subsection.4.1.1}% 38
\BOOKMARK [3][-]{subsubsection.4.1.1.30}{\376\377\000'\000\044\000s\000y\000s\000t\000e\000m\000\137\000c\000o\000m\000m\000o\000n\000s\000\137\000d\000i\000r\000e\000c\000t\000o\000r\000i\000e\000s\000'}{subsection.4.1.1}% 39
\BOOKMARK [3][-]{subsubsection.4.1.1.31}{\376\377\000'\000\044\000s\000y\000s\000t\000e\000m\000\137\000l\000i\000b\000r\000a\000r\000y\000\137\000d\000i\000r\000e\000c\000t\000o\000r\000i\000e\000s\000'}{subsection.4.1.1}% 40
\BOOKMARK [3][-]{subsubsection.4.1.1.32}{\376\377\000'\000\044\000t\000o\000\137\000l\000i\000s\000t\000\137\000o\000f\000\137\000a\000t\000o\000m\000s\000'}{subsection.4.1.1}% 41
\BOOKMARK [3][-]{subsubsection.4.1.1.33}{\376\377\000a\000b\000s\000o\000l\000u\000t\000e\000\137\000f\000i\000l\000e\000\137\000n\000a\000m\000e}{subsection.4.1.1}% 42
\BOOKMARK [3][-]{subsubsection.4.1.1.34}{\376\377\000a\000b\000s\000o\000l\000u\000t\000e\000\137\000f\000i\000l\000e\000\137\000n\000a\000m\000e}{subsection.4.1.1}% 43
\BOOKMARK [3][-]{subsubsection.4.1.1.35}{\376\377\000a\000d\000d\000\137\000t\000o\000\137\000p\000a\000t\000h}{subsection.4.1.1}% 44
\BOOKMARK [3][-]{subsubsection.4.1.1.36}{\376\377\000a\000d\000d\000\137\000t\000o\000\137\000p\000a\000t\000h}{subsection.4.1.1}% 45
\BOOKMARK [3][-]{subsubsection.4.1.1.37}{\376\377\000p\000a\000t\000h}{subsection.4.1.1}% 46
\BOOKMARK [3][-]{subsubsection.4.1.1.38}{\376\377\000r\000e\000m\000o\000v\000e\000\137\000f\000r\000o\000m\000\137\000p\000a\000t\000h}{subsection.4.1.1}% 47
\BOOKMARK [0][-]{chapter.5}{\376\377\000F\000i\000l\000e\000\040\000D\000o\000c\000u\000m\000e\000n\000t\000a\000t\000i\000o\000n}{}% 48
\BOOKMARK [1][-]{section.5.1}{\376\377\000a\000b\000s\000f\000.\000y\000a\000p\000\040\000F\000i\000l\000e\000\040\000R\000e\000f\000e\000r\000e\000n\000c\000e}{chapter.5}% 49
\BOOKMARK [0][-]{section*.5}{\376\377\000I\000n\000d\000e\000x}{}% 50
