Determining if the function iconv_open exists failed with the following output:
Change Dir: /Users/vsc/github/doxygen/src/CMakeFiles/CMakeTmp

Run Build Command(s):/usr/bin/make cmTC_7fdf3/fast && /Applications/Xcode.app/Contents/Developer/usr/bin/make  -f CMakeFiles/cmTC_7fdf3.dir/build.make CMakeFiles/cmTC_7fdf3.dir/build
Building C object CMakeFiles/cmTC_7fdf3.dir/CheckFunctionExists.c.o
/Applications/Xcode.app/Contents/Developer/Toolchains/XcodeDefault.xctoolchain/usr/bin/cc   -Wno-deprecated-register -mmacosx-version-min=10.9  -DCHECK_FUNCTION_EXISTS=iconv_open -isysroot /Applications/Xcode.app/Contents/Developer/Platforms/MacOSX.platform/Developer/SDKs/MacOSX11.0.sdk -mmacosx-version-min=10.15 -o CMakeFiles/cmTC_7fdf3.dir/CheckFunctionExists.c.o -c /usr/local/Cellar/cmake/3.18.4/share/cmake/Modules/CheckFunctionExists.c
Linking C executable cmTC_7fdf3
/usr/local/Cellar/cmake/3.18.4/bin/cmake -E cmake_link_script CMakeFiles/cmTC_7fdf3.dir/link.txt --verbose=1
/Applications/Xcode.app/Contents/Developer/Toolchains/XcodeDefault.xctoolchain/usr/bin/cc -Wno-deprecated-register -mmacosx-version-min=10.9  -DCHECK_FUNCTION_EXISTS=iconv_open -isysroot /Applications/Xcode.app/Contents/Developer/Platforms/MacOSX.platform/Developer/SDKs/MacOSX11.0.sdk -mmacosx-version-min=10.15 -Wl,-search_paths_first -Wl,-headerpad_max_install_names CMakeFiles/cmTC_7fdf3.dir/CheckFunctionExists.c.o -o cmTC_7fdf3 
Undefined symbols for architecture x86_64:
  "_iconv_open", referenced from:
      _main in CheckFunctionExists.c.o
ld: symbol(s) not found for architecture x86_64
clang: error: linker command failed with exit code 1 (use -v to see invocation)
make[1]: *** [cmTC_7fdf3] Error 1
make: *** [cmTC_7fdf3/fast] Error 2



Performing C++ SOURCE FILE Test ICONV_ACCEPTS_CONST_INPUT failed with the following output:
Change Dir: /Users/vsc/github/doxygen/src/CMakeFiles/CMakeTmp

Run Build Command(s):/usr/bin/make cmTC_15eb4/fast && /Applications/Xcode.app/Contents/Developer/usr/bin/make  -f CMakeFiles/cmTC_15eb4.dir/build.make CMakeFiles/cmTC_15eb4.dir/build
Building CXX object CMakeFiles/cmTC_15eb4.dir/src.cxx.o
/Applications/Xcode.app/Contents/Developer/Toolchains/XcodeDefault.xctoolchain/usr/bin/c++   -Wno-deprecated-register -mmacosx-version-min=10.9  -DICONV_ACCEPTS_CONST_INPUT -isysroot /Applications/Xcode.app/Contents/Developer/Platforms/MacOSX.platform/Developer/SDKs/MacOSX11.0.sdk -mmacosx-version-min=10.15 -o CMakeFiles/cmTC_15eb4.dir/src.cxx.o -c /Users/vsc/github/doxygen/src/CMakeFiles/CMakeTmp/src.cxx
/Users/vsc/github/doxygen/src/CMakeFiles/CMakeTmp/src.cxx:4:13: error: no matching function for call to 'iconv'
            iconv(iconv_t(-1), &p, 0, 0, 0);
            ^~~~~
/Applications/Xcode.app/Contents/Developer/Platforms/MacOSX.platform/Developer/SDKs/MacOSX11.0.sdk/usr/include/iconv.h:75:39: note: candidate function not viable: no known conversion from 'const char **' to 'char **' for 2nd argument
extern __LIBICONV_DLL_EXPORTED size_t iconv (iconv_t __cd, char* * __restrict __inbuf, size_t * __restrict __inbytesleft, char* * __restrict __outbuf, size_t * __restrict __outbytesleft);
                                      ^
1 error generated.
make[1]: *** [CMakeFiles/cmTC_15eb4.dir/src.cxx.o] Error 1
make: *** [cmTC_15eb4/fast] Error 2


Source file was:
#include <iconv.h>
         int main() {
            char const *p = 0;
            iconv(iconv_t(-1), &p, 0, 0, 0);
         }
